<?xml version="1.0" encoding="UTF-8"?>
<!-- Generated by org.testng.reporters.JUnitReportReporter -->
<testsuite skipped="0" hostname="DESKTOP-7BFDLBE" name="login.launchChrome" tests="1" failures="0" timestamp="07 Apr 2020 21:41:41 GMT" time="14.542" errors="0">
  <testcase name="launchChrome" time="14.542" classname="login.launchChrome"/>
</testsuite> <!-- login.launchChrome -->
